<?xml version="1.0" encoding="UTF-8"?>
<testsuite xmlns:xsi="http://www.w3.org/2001/XMLSchema-instance" xsi:noNamespaceSchemaLocation="https://maven.apache.org/surefire/maven-surefire-plugin/xsd/surefire-test-report-3.0.xsd" version="3.0" name="com.increff.pos.unit.ClientApiTest" time="0.045" tests="11" errors="0" skipped="0" failures="0">
  <properties>
    <property name="gopherProxySet" value="false"/>
    <property name="awt.toolkit" value="sun.lwawt.macosx.LWCToolkit"/>
    <property name="file.encoding.pkg" value="sun.io"/>
    <property name="java.specification.version" value="1.8"/>
    <property name="sun.cpu.isalist" value=""/>
    <property name="sun.jnu.encoding" value="UTF-8"/>
    <property name="java.class.path" value="/Users/sarathgupta/Projects/POS_Project/backend/pos_web_app/target/test-classes:/Users/sarathgupta/Projects/POS_Project/backend/pos_web_app/target/classes:/Users/sarathgupta/Projects/POS_Project/backend/pos_commons/target/pos_commons-0.0.1-SNAPSHOT.jar:/Users/sarathgupta/.m2/repository/org/springframework/spring-orm/5.3.34/spring-orm-5.3.34.jar:/Users/sarathgupta/.m2/repository/org/springframework/spring-jdbc/5.3.34/spring-jdbc-5.3.34.jar:/Users/sarathgupta/.m2/repository/org/springframework/spring-tx/5.3.34/spring-tx-5.3.34.jar:/Users/sarathgupta/.m2/repository/org/hibernate/hibernate-core/5.4.0.Final/hibernate-core-5.4.0.Final.jar:/Users/sarathgupta/.m2/repository/org/jboss/logging/jboss-logging/3.3.2.Final/jboss-logging-3.3.2.Final.jar:/Users/sarathgupta/.m2/repository/javax/persistence/javax.persistence-api/2.2/javax.persistence-api-2.2.jar:/Users/sarathgupta/.m2/repository/org/javassist/javassist/3.24.0-GA/javassist-3.24.0-GA.jar:/Users/sarathgupta/.m2/repository/antlr/antlr/2.7.7/antlr-2.7.7.jar:/Users/sarathgupta/.m2/repository/org/jboss/spec/javax/transaction/jboss-transaction-api_1.2_spec/1.1.1.Final/jboss-transaction-api_1.2_spec-1.1.1.Final.jar:/Users/sarathgupta/.m2/repository/org/jboss/jandex/2.0.5.Final/jandex-2.0.5.Final.jar:/Users/sarathgupta/.m2/repository/javax/activation/javax.activation-api/1.2.0/javax.activation-api-1.2.0.jar:/Users/sarathgupta/.m2/repository/org/dom4j/dom4j/2.1.1/dom4j-2.1.1.jar:/Users/sarathgupta/.m2/repository/org/hibernate/common/hibernate-commons-annotations/5.1.0.Final/hibernate-commons-annotations-5.1.0.Final.jar:/Users/sarathgupta/.m2/repository/javax/xml/bind/jaxb-api/2.3.1/jaxb-api-2.3.1.jar:/Users/sarathgupta/.m2/repository/org/glassfish/jaxb/jaxb-runtime/2.3.1/jaxb-runtime-2.3.1.jar:/Users/sarathgupta/.m2/repository/org/glassfish/jaxb/txw2/2.3.1/txw2-2.3.1.jar:/Users/sarathgupta/.m2/repository/com/sun/istack/istack-commons-runtime/3.0.7/istack-commons-runtime-3.0.7.jar:/Users/sarathgupta/.m2/repository/org/jvnet/staxex/stax-ex/1.8/stax-ex-1.8.jar:/Users/sarathgupta/.m2/repository/com/sun/xml/fastinfoset/FastInfoset/1.2.15/FastInfoset-1.2.15.jar:/Users/sarathgupta/.m2/repository/javax/validation/validation-api/2.0.1.Final/validation-api-2.0.1.Final.jar:/Users/sarathgupta/.m2/repository/org/hibernate/validator/hibernate-validator/6.2.0.Final/hibernate-validator-6.2.0.Final.jar:/Users/sarathgupta/.m2/repository/jakarta/validation/jakarta.validation-api/2.0.2/jakarta.validation-api-2.0.2.jar:/Users/sarathgupta/.m2/repository/org/modelmapper/modelmapper/3.1.1/modelmapper-3.1.1.jar:/Users/sarathgupta/.m2/repository/commons-dbcp/commons-dbcp/1.4/commons-dbcp-1.4.jar:/Users/sarathgupta/.m2/repository/commons-pool/commons-pool/1.5.4/commons-pool-1.5.4.jar:/Users/sarathgupta/.m2/repository/org/springframework/data/spring-data-commons/2.7.14/spring-data-commons-2.7.14.jar:/Users/sarathgupta/.m2/repository/org/apache/httpcomponents/httpclient/4.5.13/httpclient-4.5.13.jar:/Users/sarathgupta/.m2/repository/org/apache/httpcomponents/httpcore/4.4.13/httpcore-4.4.13.jar:/Users/sarathgupta/.m2/repository/commons-logging/commons-logging/1.2/commons-logging-1.2.jar:/Users/sarathgupta/.m2/repository/commons-codec/commons-codec/1.11/commons-codec-1.11.jar:/Users/sarathgupta/.m2/repository/com/fasterxml/jackson/core/jackson-databind/2.13.5/jackson-databind-2.13.5.jar:/Users/sarathgupta/.m2/repository/com/fasterxml/jackson/core/jackson-annotations/2.13.5/jackson-annotations-2.13.5.jar:/Users/sarathgupta/.m2/repository/com/fasterxml/jackson/core/jackson-core/2.13.5/jackson-core-2.13.5.jar:/Users/sarathgupta/.m2/repository/org/projectlombok/lombok/1.18.30/lombok-1.18.30.jar:/Users/sarathgupta/.m2/repository/org/springframework/data/spring-data-jpa/2.7.1/spring-data-jpa-2.7.1.jar:/Users/sarathgupta/.m2/repository/org/springframework/spring-context/5.3.21/spring-context-5.3.21.jar:/Users/sarathgupta/.m2/repository/org/springframework/spring-aop/5.3.21/spring-aop-5.3.21.jar:/Users/sarathgupta/.m2/repository/org/springframework/spring-beans/5.3.21/spring-beans-5.3.21.jar:/Users/sarathgupta/.m2/repository/org/springframework/spring-core/5.3.21/spring-core-5.3.21.jar:/Users/sarathgupta/.m2/repository/org/springframework/spring-jcl/5.3.21/spring-jcl-5.3.21.jar:/Users/sarathgupta/.m2/repository/org/slf4j/slf4j-api/1.7.32/slf4j-api-1.7.32.jar:/Users/sarathgupta/.m2/repository/org/springframework/spring-webmvc/5.3.34/spring-webmvc-5.3.34.jar:/Users/sarathgupta/.m2/repository/org/springframework/spring-expression/5.3.34/spring-expression-5.3.34.jar:/Users/sarathgupta/.m2/repository/org/springframework/spring-web/5.3.34/spring-web-5.3.34.jar:/Users/sarathgupta/.m2/repository/javax/servlet/javax.servlet-api/3.1.0/javax.servlet-api-3.1.0.jar:/Users/sarathgupta/.m2/repository/io/springfox/springfox-swagger2/2.4.0/springfox-swagger2-2.4.0.jar:/Users/sarathgupta/.m2/repository/io/swagger/swagger-annotations/1.5.6/swagger-annotations-1.5.6.jar:/Users/sarathgupta/.m2/repository/io/swagger/swagger-models/1.5.6/swagger-models-1.5.6.jar:/Users/sarathgupta/.m2/repository/io/springfox/springfox-spi/2.4.0/springfox-spi-2.4.0.jar:/Users/sarathgupta/.m2/repository/io/springfox/springfox-core/2.4.0/springfox-core-2.4.0.jar:/Users/sarathgupta/.m2/repository/io/springfox/springfox-schema/2.4.0/springfox-schema-2.4.0.jar:/Users/sarathgupta/.m2/repository/io/springfox/springfox-swagger-common/2.4.0/springfox-swagger-common-2.4.0.jar:/Users/sarathgupta/.m2/repository/io/springfox/springfox-spring-web/2.4.0/springfox-spring-web-2.4.0.jar:/Users/sarathgupta/.m2/repository/com/google/guava/guava/18.0/guava-18.0.jar:/Users/sarathgupta/.m2/repository/com/fasterxml/classmate/1.3.1/classmate-1.3.1.jar:/Users/sarathgupta/.m2/repository/org/springframework/plugin/spring-plugin-core/1.2.0.RELEASE/spring-plugin-core-1.2.0.RELEASE.jar:/Users/sarathgupta/.m2/repository/org/springframework/plugin/spring-plugin-metadata/1.2.0.RELEASE/spring-plugin-metadata-1.2.0.RELEASE.jar:/Users/sarathgupta/.m2/repository/io/springfox/springfox-swagger-ui/2.4.0/springfox-swagger-ui-2.4.0.jar:/Users/sarathgupta/.m2/repository/com/fasterxml/jackson/datatype/jackson-datatype-jsr310/2.9.8/jackson-datatype-jsr310-2.9.8.jar:/Users/sarathgupta/.m2/repository/org/junit/jupiter/junit-jupiter-api/5.12.2/junit-jupiter-api-5.12.2.jar:/Users/sarathgupta/.m2/repository/org/opentest4j/opentest4j/1.3.0/opentest4j-1.3.0.jar:/Users/sarathgupta/.m2/repository/org/junit/platform/junit-platform-commons/1.12.2/junit-platform-commons-1.12.2.jar:/Users/sarathgupta/.m2/repository/org/apiguardian/apiguardian-api/1.1.2/apiguardian-api-1.1.2.jar:/Users/sarathgupta/.m2/repository/org/junit/jupiter/junit-jupiter-engine/5.12.2/junit-jupiter-engine-5.12.2.jar:/Users/sarathgupta/.m2/repository/org/junit/platform/junit-platform-engine/1.12.2/junit-platform-engine-1.12.2.jar:/Users/sarathgupta/.m2/repository/org/mockito/mockito-core/4.9.0/mockito-core-4.9.0.jar:/Users/sarathgupta/.m2/repository/net/bytebuddy/byte-buddy/1.12.16/byte-buddy-1.12.16.jar:/Users/sarathgupta/.m2/repository/net/bytebuddy/byte-buddy-agent/1.12.16/byte-buddy-agent-1.12.16.jar:/Users/sarathgupta/.m2/repository/org/objenesis/objenesis/3.3/objenesis-3.3.jar:/Users/sarathgupta/.m2/repository/org/mockito/mockito-junit-jupiter/4.9.0/mockito-junit-jupiter-4.9.0.jar:/Users/sarathgupta/.m2/repository/org/instancio/instancio-junit/4.6.0/instancio-junit-4.6.0.jar:/Users/sarathgupta/.m2/repository/org/instancio/instancio-core/4.6.0/instancio-core-4.6.0.jar:/Users/sarathgupta/.m2/repository/mysql/mysql-connector-java/8.0.17/mysql-connector-java-8.0.17.jar:/Users/sarathgupta/.m2/repository/com/google/protobuf/protobuf-java/3.6.1/protobuf-java-3.6.1.jar:/Users/sarathgupta/.m2/repository/org/apache/commons/commons-dbcp2/2.12.0/commons-dbcp2-2.12.0.jar:/Users/sarathgupta/.m2/repository/org/apache/commons/commons-pool2/2.12.0/commons-pool2-2.12.0.jar:/Users/sarathgupta/.m2/repository/jakarta/transaction/jakarta.transaction-api/1.3.3/jakarta.transaction-api-1.3.3.jar:/Users/sarathgupta/.m2/repository/org/springframework/security/spring-security-config/4.2.13.RELEASE/spring-security-config-4.2.13.RELEASE.jar:/Users/sarathgupta/.m2/repository/aopalliance/aopalliance/1.0/aopalliance-1.0.jar:/Users/sarathgupta/.m2/repository/org/springframework/security/spring-security-core/4.2.13.RELEASE/spring-security-core-4.2.13.RELEASE.jar:/Users/sarathgupta/.m2/repository/org/springframework/security/spring-security-web/4.2.13.RELEASE/spring-security-web-4.2.13.RELEASE.jar:/Users/sarathgupta/.m2/repository/io/jsonwebtoken/jjwt/0.9.1/jjwt-0.9.1.jar:/Users/sarathgupta/.m2/repository/org/springframework/spring-test/5.3.34/spring-test-5.3.34.jar:"/>
    <property name="java.vm.vendor" value="Amazon.com Inc."/>
    <property name="sun.arch.data.model" value="64"/>
    <property name="java.vendor.url" value="https://aws.amazon.com/corretto/"/>
    <property name="user.timezone" value=""/>
    <property name="java.vm.specification.version" value="1.8"/>
    <property name="os.name" value="Mac OS X"/>
    <property name="user.country" value="IN"/>
    <property name="sun.java.launcher" value="SUN_STANDARD"/>
    <property name="sun.boot.library.path" value="/Users/sarathgupta/Library/Java/JavaVirtualMachines/corretto-1.8.0_462/Contents/Home/jre/lib"/>
    <property name="sun.java.command" value="/Users/sarathgupta/Projects/POS_Project/backend/pos_web_app/target/surefire/surefirebooter-20251030124801803_3.jar /Users/sarathgupta/Projects/POS_Project/backend/pos_web_app/target/surefire 2025-10-30T12-47-56_778-jvmRun1 surefire-20251030124801803_1tmp surefire_0-20251030124801803_2tmp"/>
    <property name="surefire.test.class.path" value="/Users/sarathgupta/Projects/POS_Project/backend/pos_web_app/target/test-classes:/Users/sarathgupta/Projects/POS_Project/backend/pos_web_app/target/classes:/Users/sarathgupta/Projects/POS_Project/backend/pos_commons/target/pos_commons-0.0.1-SNAPSHOT.jar:/Users/sarathgupta/.m2/repository/org/springframework/spring-orm/5.3.34/spring-orm-5.3.34.jar:/Users/sarathgupta/.m2/repository/org/springframework/spring-jdbc/5.3.34/spring-jdbc-5.3.34.jar:/Users/sarathgupta/.m2/repository/org/springframework/spring-tx/5.3.34/spring-tx-5.3.34.jar:/Users/sarathgupta/.m2/repository/org/hibernate/hibernate-core/5.4.0.Final/hibernate-core-5.4.0.Final.jar:/Users/sarathgupta/.m2/repository/org/jboss/logging/jboss-logging/3.3.2.Final/jboss-logging-3.3.2.Final.jar:/Users/sarathgupta/.m2/repository/javax/persistence/javax.persistence-api/2.2/javax.persistence-api-2.2.jar:/Users/sarathgupta/.m2/repository/org/javassist/javassist/3.24.0-GA/javassist-3.24.0-GA.jar:/Users/sarathgupta/.m2/repository/antlr/antlr/2.7.7/antlr-2.7.7.jar:/Users/sarathgupta/.m2/repository/org/jboss/spec/javax/transaction/jboss-transaction-api_1.2_spec/1.1.1.Final/jboss-transaction-api_1.2_spec-1.1.1.Final.jar:/Users/sarathgupta/.m2/repository/org/jboss/jandex/2.0.5.Final/jandex-2.0.5.Final.jar:/Users/sarathgupta/.m2/repository/javax/activation/javax.activation-api/1.2.0/javax.activation-api-1.2.0.jar:/Users/sarathgupta/.m2/repository/org/dom4j/dom4j/2.1.1/dom4j-2.1.1.jar:/Users/sarathgupta/.m2/repository/org/hibernate/common/hibernate-commons-annotations/5.1.0.Final/hibernate-commons-annotations-5.1.0.Final.jar:/Users/sarathgupta/.m2/repository/javax/xml/bind/jaxb-api/2.3.1/jaxb-api-2.3.1.jar:/Users/sarathgupta/.m2/repository/org/glassfish/jaxb/jaxb-runtime/2.3.1/jaxb-runtime-2.3.1.jar:/Users/sarathgupta/.m2/repository/org/glassfish/jaxb/txw2/2.3.1/txw2-2.3.1.jar:/Users/sarathgupta/.m2/repository/com/sun/istack/istack-commons-runtime/3.0.7/istack-commons-runtime-3.0.7.jar:/Users/sarathgupta/.m2/repository/org/jvnet/staxex/stax-ex/1.8/stax-ex-1.8.jar:/Users/sarathgupta/.m2/repository/com/sun/xml/fastinfoset/FastInfoset/1.2.15/FastInfoset-1.2.15.jar:/Users/sarathgupta/.m2/repository/javax/validation/validation-api/2.0.1.Final/validation-api-2.0.1.Final.jar:/Users/sarathgupta/.m2/repository/org/hibernate/validator/hibernate-validator/6.2.0.Final/hibernate-validator-6.2.0.Final.jar:/Users/sarathgupta/.m2/repository/jakarta/validation/jakarta.validation-api/2.0.2/jakarta.validation-api-2.0.2.jar:/Users/sarathgupta/.m2/repository/org/modelmapper/modelmapper/3.1.1/modelmapper-3.1.1.jar:/Users/sarathgupta/.m2/repository/commons-dbcp/commons-dbcp/1.4/commons-dbcp-1.4.jar:/Users/sarathgupta/.m2/repository/commons-pool/commons-pool/1.5.4/commons-pool-1.5.4.jar:/Users/sarathgupta/.m2/repository/org/springframework/data/spring-data-commons/2.7.14/spring-data-commons-2.7.14.jar:/Users/sarathgupta/.m2/repository/org/apache/httpcomponents/httpclient/4.5.13/httpclient-4.5.13.jar:/Users/sarathgupta/.m2/repository/org/apache/httpcomponents/httpcore/4.4.13/httpcore-4.4.13.jar:/Users/sarathgupta/.m2/repository/commons-logging/commons-logging/1.2/commons-logging-1.2.jar:/Users/sarathgupta/.m2/repository/commons-codec/commons-codec/1.11/commons-codec-1.11.jar:/Users/sarathgupta/.m2/repository/com/fasterxml/jackson/core/jackson-databind/2.13.5/jackson-databind-2.13.5.jar:/Users/sarathgupta/.m2/repository/com/fasterxml/jackson/core/jackson-annotations/2.13.5/jackson-annotations-2.13.5.jar:/Users/sarathgupta/.m2/repository/com/fasterxml/jackson/core/jackson-core/2.13.5/jackson-core-2.13.5.jar:/Users/sarathgupta/.m2/repository/org/projectlombok/lombok/1.18.30/lombok-1.18.30.jar:/Users/sarathgupta/.m2/repository/org/springframework/data/spring-data-jpa/2.7.1/spring-data-jpa-2.7.1.jar:/Users/sarathgupta/.m2/repository/org/springframework/spring-context/5.3.21/spring-context-5.3.21.jar:/Users/sarathgupta/.m2/repository/org/springframework/spring-aop/5.3.21/spring-aop-5.3.21.jar:/Users/sarathgupta/.m2/repository/org/springframework/spring-beans/5.3.21/spring-beans-5.3.21.jar:/Users/sarathgupta/.m2/repository/org/springframework/spring-core/5.3.21/spring-core-5.3.21.jar:/Users/sarathgupta/.m2/repository/org/springframework/spring-jcl/5.3.21/spring-jcl-5.3.21.jar:/Users/sarathgupta/.m2/repository/org/slf4j/slf4j-api/1.7.32/slf4j-api-1.7.32.jar:/Users/sarathgupta/.m2/repository/org/springframework/spring-webmvc/5.3.34/spring-webmvc-5.3.34.jar:/Users/sarathgupta/.m2/repository/org/springframework/spring-expression/5.3.34/spring-expression-5.3.34.jar:/Users/sarathgupta/.m2/repository/org/springframework/spring-web/5.3.34/spring-web-5.3.34.jar:/Users/sarathgupta/.m2/repository/javax/servlet/javax.servlet-api/3.1.0/javax.servlet-api-3.1.0.jar:/Users/sarathgupta/.m2/repository/io/springfox/springfox-swagger2/2.4.0/springfox-swagger2-2.4.0.jar:/Users/sarathgupta/.m2/repository/io/swagger/swagger-annotations/1.5.6/swagger-annotations-1.5.6.jar:/Users/sarathgupta/.m2/repository/io/swagger/swagger-models/1.5.6/swagger-models-1.5.6.jar:/Users/sarathgupta/.m2/repository/io/springfox/springfox-spi/2.4.0/springfox-spi-2.4.0.jar:/Users/sarathgupta/.m2/repository/io/springfox/springfox-core/2.4.0/springfox-core-2.4.0.jar:/Users/sarathgupta/.m2/repository/io/springfox/springfox-schema/2.4.0/springfox-schema-2.4.0.jar:/Users/sarathgupta/.m2/repository/io/springfox/springfox-swagger-common/2.4.0/springfox-swagger-common-2.4.0.jar:/Users/sarathgupta/.m2/repository/io/springfox/springfox-spring-web/2.4.0/springfox-spring-web-2.4.0.jar:/Users/sarathgupta/.m2/repository/com/google/guava/guava/18.0/guava-18.0.jar:/Users/sarathgupta/.m2/repository/com/fasterxml/classmate/1.3.1/classmate-1.3.1.jar:/Users/sarathgupta/.m2/repository/org/springframework/plugin/spring-plugin-core/1.2.0.RELEASE/spring-plugin-core-1.2.0.RELEASE.jar:/Users/sarathgupta/.m2/repository/org/springframework/plugin/spring-plugin-metadata/1.2.0.RELEASE/spring-plugin-metadata-1.2.0.RELEASE.jar:/Users/sarathgupta/.m2/repository/io/springfox/springfox-swagger-ui/2.4.0/springfox-swagger-ui-2.4.0.jar:/Users/sarathgupta/.m2/repository/com/fasterxml/jackson/datatype/jackson-datatype-jsr310/2.9.8/jackson-datatype-jsr310-2.9.8.jar:/Users/sarathgupta/.m2/repository/org/junit/jupiter/junit-jupiter-api/5.12.2/junit-jupiter-api-5.12.2.jar:/Users/sarathgupta/.m2/repository/org/opentest4j/opentest4j/1.3.0/opentest4j-1.3.0.jar:/Users/sarathgupta/.m2/repository/org/junit/platform/junit-platform-commons/1.12.2/junit-platform-commons-1.12.2.jar:/Users/sarathgupta/.m2/repository/org/apiguardian/apiguardian-api/1.1.2/apiguardian-api-1.1.2.jar:/Users/sarathgupta/.m2/repository/org/junit/jupiter/junit-jupiter-engine/5.12.2/junit-jupiter-engine-5.12.2.jar:/Users/sarathgupta/.m2/repository/org/junit/platform/junit-platform-engine/1.12.2/junit-platform-engine-1.12.2.jar:/Users/sarathgupta/.m2/repository/org/mockito/mockito-core/4.9.0/mockito-core-4.9.0.jar:/Users/sarathgupta/.m2/repository/net/bytebuddy/byte-buddy/1.12.16/byte-buddy-1.12.16.jar:/Users/sarathgupta/.m2/repository/net/bytebuddy/byte-buddy-agent/1.12.16/byte-buddy-agent-1.12.16.jar:/Users/sarathgupta/.m2/repository/org/objenesis/objenesis/3.3/objenesis-3.3.jar:/Users/sarathgupta/.m2/repository/org/mockito/mockito-junit-jupiter/4.9.0/mockito-junit-jupiter-4.9.0.jar:/Users/sarathgupta/.m2/repository/org/instancio/instancio-junit/4.6.0/instancio-junit-4.6.0.jar:/Users/sarathgupta/.m2/repository/org/instancio/instancio-core/4.6.0/instancio-core-4.6.0.jar:/Users/sarathgupta/.m2/repository/mysql/mysql-connector-java/8.0.17/mysql-connector-java-8.0.17.jar:/Users/sarathgupta/.m2/repository/com/google/protobuf/protobuf-java/3.6.1/protobuf-java-3.6.1.jar:/Users/sarathgupta/.m2/repository/org/apache/commons/commons-dbcp2/2.12.0/commons-dbcp2-2.12.0.jar:/Users/sarathgupta/.m2/repository/org/apache/commons/commons-pool2/2.12.0/commons-pool2-2.12.0.jar:/Users/sarathgupta/.m2/repository/jakarta/transaction/jakarta.transaction-api/1.3.3/jakarta.transaction-api-1.3.3.jar:/Users/sarathgupta/.m2/repository/org/springframework/security/spring-security-config/4.2.13.RELEASE/spring-security-config-4.2.13.RELEASE.jar:/Users/sarathgupta/.m2/repository/aopalliance/aopalliance/1.0/aopalliance-1.0.jar:/Users/sarathgupta/.m2/repository/org/springframework/security/spring-security-core/4.2.13.RELEASE/spring-security-core-4.2.13.RELEASE.jar:/Users/sarathgupta/.m2/repository/org/springframework/security/spring-security-web/4.2.13.RELEASE/spring-security-web-4.2.13.RELEASE.jar:/Users/sarathgupta/.m2/repository/io/jsonwebtoken/jjwt/0.9.1/jjwt-0.9.1.jar:/Users/sarathgupta/.m2/repository/org/springframework/spring-test/5.3.34/spring-test-5.3.34.jar:"/>
    <property name="sun.cpu.endian" value="little"/>
    <property name="user.home" value="/Users/sarathgupta"/>
    <property name="user.language" value="en"/>
    <property name="java.specification.vendor" value="Oracle Corporation"/>
    <property name="java.home" value="/Users/sarathgupta/Library/Java/JavaVirtualMachines/corretto-1.8.0_462/Contents/Home/jre"/>
    <property name="basedir" value="/Users/sarathgupta/Projects/POS_Project/backend/pos_web_app"/>
    <property name="file.separator" value="/"/>
    <property name="line.separator" value="&#10;"/>
    <property name="java.vm.specification.vendor" value="Oracle Corporation"/>
    <property name="java.specification.name" value="Java Platform API Specification"/>
    <property name="java.awt.graphicsenv" value="sun.awt.CGraphicsEnvironment"/>
    <property name="surefire.real.class.path" value="/Users/sarathgupta/Projects/POS_Project/backend/pos_web_app/target/surefire/surefirebooter-20251030124801803_3.jar:/Users/sarathgupta/.m2/repository/org/jacoco/org.jacoco.agent/0.8.5/org.jacoco.agent-0.8.5-runtime.jar"/>
    <property name="sun.boot.class.path" value="/Users/sarathgupta/Library/Java/JavaVirtualMachines/corretto-1.8.0_462/Contents/Home/jre/lib/resources.jar:/Users/sarathgupta/Library/Java/JavaVirtualMachines/corretto-1.8.0_462/Contents/Home/jre/lib/rt.jar:/Users/sarathgupta/Library/Java/JavaVirtualMachines/corretto-1.8.0_462/Contents/Home/jre/lib/sunrsasign.jar:/Users/sarathgupta/Library/Java/JavaVirtualMachines/corretto-1.8.0_462/Contents/Home/jre/lib/jsse.jar:/Users/sarathgupta/Library/Java/JavaVirtualMachines/corretto-1.8.0_462/Contents/Home/jre/lib/jce.jar:/Users/sarathgupta/Library/Java/JavaVirtualMachines/corretto-1.8.0_462/Contents/Home/jre/lib/charsets.jar:/Users/sarathgupta/Library/Java/JavaVirtualMachines/corretto-1.8.0_462/Contents/Home/jre/lib/jfr.jar:/Users/sarathgupta/Library/Java/JavaVirtualMachines/corretto-1.8.0_462/Contents/Home/jre/classes"/>
    <property name="sun.management.compiler" value="HotSpot 64-Bit Tiered Compilers"/>
    <property name="java.runtime.version" value="1.8.0_462-b08"/>
    <property name="user.name" value="sarathgupta"/>
    <property name="path.separator" value=":"/>
    <property name="os.version" value="26.0.1"/>
    <property name="java.endorsed.dirs" value="/Users/sarathgupta/Library/Java/JavaVirtualMachines/corretto-1.8.0_462/Contents/Home/jre/lib/endorsed"/>
    <property name="java.runtime.name" value="OpenJDK Runtime Environment"/>
    <property name="file.encoding" value="UTF-8"/>
    <property name="java.vm.name" value="OpenJDK 64-Bit Server VM"/>
    <property name="localRepository" value="/Users/sarathgupta/.m2/repository"/>
    <property name="java.vendor.url.bug" value="https://github.com/corretto/corretto-8/issues/"/>
    <property name="java.io.tmpdir" value="/var/folders/_s/s69kw3z14sdcv_5pzy2m4mgr0000gp/T/"/>
    <property name="java.version" value="1.8.0_462"/>
    <property name="user.dir" value="/Users/sarathgupta/Projects/POS_Project/backend/pos_web_app"/>
    <property name="os.arch" value="aarch64"/>
    <property name="java.vm.specification.name" value="Java Virtual Machine Specification"/>
    <property name="java.awt.printerjob" value="sun.lwawt.macosx.CPrinterJob"/>
    <property name="sun.os.patch.level" value="unknown"/>
    <property name="java.library.path" value="/Users/sarathgupta/Library/Java/Extensions:/Library/Java/Extensions:/Network/Library/Java/Extensions:/System/Library/Java/Extensions:/usr/lib/java:."/>
    <property name="java.vm.info" value="mixed mode"/>
    <property name="java.vendor" value="Amazon.com Inc."/>
    <property name="java.vm.version" value="25.462-b08"/>
    <property name="java.specification.maintenance.version" value="6"/>
    <property name="java.ext.dirs" value="/Users/sarathgupta/Library/Java/Extensions:/Users/sarathgupta/Library/Java/JavaVirtualMachines/corretto-1.8.0_462/Contents/Home/jre/lib/ext:/Library/Java/Extensions:/Network/Library/Java/Extensions:/System/Library/Java/Extensions:/usr/lib/java"/>
    <property name="sun.io.unicode.encoding" value="UnicodeBig"/>
    <property name="java.class.version" value="52.0"/>
  </properties>
  <testcase name="getById_existingId_shouldReturnClient" classname="com.increff.pos.unit.ClientApiTest" time="0.024"/>
  <testcase name="getById_nonExistentId_shouldReturnNull" classname="com.increff.pos.unit.ClientApiTest" time="0.001"/>
  <testcase name="add_duplicateName_shouldThrowApiException" classname="com.increff.pos.unit.ClientApiTest" time="0.002"/>
  <testcase name="update_validUpdate_shouldSucceed" classname="com.increff.pos.unit.ClientApiTest" time="0.003"/>
  <testcase name="update_sameName_shouldThrowApiException_BUG" classname="com.increff.pos.unit.ClientApiTest" time="0.003"/>
  <testcase name="getAll_clientsFound_shouldReturnPaginatedResult" classname="com.increff.pos.unit.ClientApiTest" time="0.002"/>
  <testcase name="update_clientNotFound_shouldThrowApiException" classname="com.increff.pos.unit.ClientApiTest" time="0.002"/>
  <testcase name="add_nullClient_shouldThrowNullPointerException" classname="com.increff.pos.unit.ClientApiTest" time="0.001"/>
  <testcase name="update_duplicateName_shouldThrowApiException" classname="com.increff.pos.unit.ClientApiTest" time="0.003"/>
  <testcase name="getAll_noClientsFound_shouldReturnEmptyResult" classname="com.increff.pos.unit.ClientApiTest" time="0.001"/>
  <testcase name="add_validClient_shouldSucceed" classname="com.increff.pos.unit.ClientApiTest" time="0.001"/>
</testsuite>